2021-05-29 22:10:45,642 INFO e.b.c.CourseApplication [main] Starting CourseApplication using Java 14.0.2 on DESKTOP-L1BRBVA with PID 9720 (G:\BACKUP_G-D\Новая папка\Library (Course Project)\target\classes started by KB in G:\BACKUP_G-D\Новая папка\Library (Course Project))
2021-05-29 22:10:45,660 INFO e.b.c.CourseApplication [main] No active profile set, falling back to default profiles: default
2021-05-29 22:10:47,105 INFO o.s.d.r.c.RepositoryConfigurationDelegate [main] Bootstrapping Spring Data MongoDB repositories in DEFAULT mode.
2021-05-29 22:10:47,240 INFO o.s.d.r.c.RepositoryConfigurationDelegate [main] Finished Spring Data repository scanning in 129 ms. Found 13 MongoDB repository interfaces.
2021-05-29 22:10:47,631 INFO o.s.b.w.e.t.TomcatWebServer [main] Tomcat initialized with port(s): 1010 (http)
2021-05-29 22:10:47,649 INFO o.a.c.h.Http11NioProtocol [main] Initializing ProtocolHandler ["http-nio-1010"]
2021-05-29 22:10:47,650 INFO o.a.c.c.StandardService [main] Starting service [Tomcat]
2021-05-29 22:10:47,651 INFO o.a.c.c.StandardEngine [main] Starting Servlet engine: [Apache Tomcat/9.0.41]
2021-05-29 22:10:47,763 INFO o.a.c.c.C.[.[.[/] [main] Initializing Spring embedded WebApplicationContext
2021-05-29 22:10:47,764 INFO o.s.b.w.s.c.ServletWebServerApplicationContext [main] Root WebApplicationContext: initialization completed in 2029 ms
2021-05-29 22:10:48,033 INFO o.m.d.cluster [main] Cluster created with settings {hosts=[127.0.0.1:27017], srvHost=kj1.9vhtx.mongodb.net, mode=MULTIPLE, requiredClusterType=REPLICA_SET, serverSelectionTimeout='30000 ms', requiredReplicaSetName='atlas-qkyyoz-shard-0'}
2021-05-29 22:10:48,086 INFO o.m.d.cluster [cluster-ClusterId{value='60b291b832a0e219e3a35caa', description='null'}-srv-kj1.9vhtx.mongodb.net] Adding discovered server kj1-shard-00-02.9vhtx.mongodb.net:27017 to client view of cluster
2021-05-29 22:10:48,112 INFO o.m.d.cluster [cluster-ClusterId{value='60b291b832a0e219e3a35caa', description='null'}-srv-kj1.9vhtx.mongodb.net] Adding discovered server kj1-shard-00-01.9vhtx.mongodb.net:27017 to client view of cluster
2021-05-29 22:10:48,113 INFO o.m.d.cluster [cluster-ClusterId{value='60b291b832a0e219e3a35caa', description='null'}-srv-kj1.9vhtx.mongodb.net] Adding discovered server kj1-shard-00-00.9vhtx.mongodb.net:27017 to client view of cluster
2021-05-29 22:10:48,758 INFO o.m.d.connection [cluster-ClusterId{value='60b291b832a0e219e3a35caa', description='null'}-kj1-shard-00-01.9vhtx.mongodb.net:27017] Opened connection [connectionId{localValue:4, serverValue:312841}] to kj1-shard-00-01.9vhtx.mongodb.net:27017
2021-05-29 22:10:48,758 INFO o.m.d.connection [cluster-ClusterId{value='60b291b832a0e219e3a35caa', description='null'}-kj1-shard-00-00.9vhtx.mongodb.net:27017] Opened connection [connectionId{localValue:1, serverValue:312129}] to kj1-shard-00-00.9vhtx.mongodb.net:27017
2021-05-29 22:10:48,758 INFO o.m.d.connection [cluster-ClusterId{value='60b291b832a0e219e3a35caa', description='null'}-kj1-shard-00-02.9vhtx.mongodb.net:27017] Opened connection [connectionId{localValue:3, serverValue:384494}] to kj1-shard-00-02.9vhtx.mongodb.net:27017
2021-05-29 22:10:48,758 INFO o.m.d.connection [cluster-rtt-ClusterId{value='60b291b832a0e219e3a35caa', description='null'}-kj1-shard-00-02.9vhtx.mongodb.net:27017] Opened connection [connectionId{localValue:2, serverValue:384494}] to kj1-shard-00-02.9vhtx.mongodb.net:27017
2021-05-29 22:10:48,758 INFO o.m.d.connection [cluster-rtt-ClusterId{value='60b291b832a0e219e3a35caa', description='null'}-kj1-shard-00-01.9vhtx.mongodb.net:27017] Opened connection [connectionId{localValue:6, serverValue:312841}] to kj1-shard-00-01.9vhtx.mongodb.net:27017
2021-05-29 22:10:48,758 INFO o.m.d.connection [cluster-rtt-ClusterId{value='60b291b832a0e219e3a35caa', description='null'}-kj1-shard-00-00.9vhtx.mongodb.net:27017] Opened connection [connectionId{localValue:5, serverValue:312129}] to kj1-shard-00-00.9vhtx.mongodb.net:27017
2021-05-29 22:10:48,760 INFO o.m.d.cluster [cluster-ClusterId{value='60b291b832a0e219e3a35caa', description='null'}-kj1-shard-00-02.9vhtx.mongodb.net:27017] Monitor thread successfully connected to server with description ServerDescription{address=kj1-shard-00-02.9vhtx.mongodb.net:27017, type=REPLICA_SET_PRIMARY, state=CONNECTED, ok=true, minWireVersion=0, maxWireVersion=9, maxDocumentSize=16777216, logicalSessionTimeoutMinutes=30, roundTripTimeNanos=285997100, setName='atlas-qkyyoz-shard-0', canonicalAddress=kj1-shard-00-02.9vhtx.mongodb.net:27017, hosts=[kj1-shard-00-00.9vhtx.mongodb.net:27017, kj1-shard-00-01.9vhtx.mongodb.net:27017, kj1-shard-00-02.9vhtx.mongodb.net:27017], passives=[], arbiters=[], primary='kj1-shard-00-02.9vhtx.mongodb.net:27017', tagSet=TagSet{[Tag{name='nodeType', value='ELECTABLE'}, Tag{name='provider', value='GCP'}, Tag{name='region', value='WESTERN_EUROPE'}, Tag{name='workloadType', value='OPERATIONAL'}]}, electionId=7fffffff000000000000000b, setVersion=2, topologyVersion=TopologyVersion{processId=609c0c7ebf24a3d8ab0e6d25, counter=6}, lastWriteDate=Sat May 29 22:10:48 EEST 2021, lastUpdateTimeNanos=309206273676300}
2021-05-29 22:10:48,759 INFO o.m.d.cluster [cluster-ClusterId{value='60b291b832a0e219e3a35caa', description='null'}-kj1-shard-00-01.9vhtx.mongodb.net:27017] Monitor thread successfully connected to server with description ServerDescription{address=kj1-shard-00-01.9vhtx.mongodb.net:27017, type=REPLICA_SET_SECONDARY, state=CONNECTED, ok=true, minWireVersion=0, maxWireVersion=9, maxDocumentSize=16777216, logicalSessionTimeoutMinutes=30, roundTripTimeNanos=286817300, setName='atlas-qkyyoz-shard-0', canonicalAddress=kj1-shard-00-01.9vhtx.mongodb.net:27017, hosts=[kj1-shard-00-00.9vhtx.mongodb.net:27017, kj1-shard-00-01.9vhtx.mongodb.net:27017, kj1-shard-00-02.9vhtx.mongodb.net:27017], passives=[], arbiters=[], primary='kj1-shard-00-02.9vhtx.mongodb.net:27017', tagSet=TagSet{[Tag{name='nodeType', value='ELECTABLE'}, Tag{name='provider', value='GCP'}, Tag{name='region', value='WESTERN_EUROPE'}, Tag{name='workloadType', value='OPERATIONAL'}]}, electionId=null, setVersion=2, topologyVersion=TopologyVersion{processId=609c0cac12da4ea438c37970, counter=3}, lastWriteDate=Sat May 29 22:10:48 EEST 2021, lastUpdateTimeNanos=309206273801000}
2021-05-29 22:10:48,759 INFO o.m.d.cluster [cluster-ClusterId{value='60b291b832a0e219e3a35caa', description='null'}-kj1-shard-00-00.9vhtx.mongodb.net:27017] Monitor thread successfully connected to server with description ServerDescription{address=kj1-shard-00-00.9vhtx.mongodb.net:27017, type=REPLICA_SET_SECONDARY, state=CONNECTED, ok=true, minWireVersion=0, maxWireVersion=9, maxDocumentSize=16777216, logicalSessionTimeoutMinutes=30, roundTripTimeNanos=287327900, setName='atlas-qkyyoz-shard-0', canonicalAddress=kj1-shard-00-00.9vhtx.mongodb.net:27017, hosts=[kj1-shard-00-00.9vhtx.mongodb.net:27017, kj1-shard-00-01.9vhtx.mongodb.net:27017, kj1-shard-00-02.9vhtx.mongodb.net:27017], passives=[], arbiters=[], primary='kj1-shard-00-02.9vhtx.mongodb.net:27017', tagSet=TagSet{[Tag{name='nodeType', value='ELECTABLE'}, Tag{name='provider', value='GCP'}, Tag{name='region', value='WESTERN_EUROPE'}, Tag{name='workloadType', value='OPERATIONAL'}]}, electionId=null, setVersion=2, topologyVersion=TopologyVersion{processId=609c0c5f12b3f146085dba29, counter=4}, lastWriteDate=Sat May 29 22:10:48 EEST 2021, lastUpdateTimeNanos=309206273390400}
2021-05-29 22:10:48,762 INFO o.m.d.cluster [cluster-ClusterId{value='60b291b832a0e219e3a35caa', description='null'}-kj1-shard-00-02.9vhtx.mongodb.net:27017] Setting max election id to 7fffffff000000000000000b from replica set primary kj1-shard-00-02.9vhtx.mongodb.net:27017
2021-05-29 22:10:48,762 INFO o.m.d.cluster [cluster-ClusterId{value='60b291b832a0e219e3a35caa', description='null'}-kj1-shard-00-02.9vhtx.mongodb.net:27017] Setting max set version to 2 from replica set primary kj1-shard-00-02.9vhtx.mongodb.net:27017
2021-05-29 22:10:48,763 INFO o.m.d.cluster [cluster-ClusterId{value='60b291b832a0e219e3a35caa', description='null'}-kj1-shard-00-02.9vhtx.mongodb.net:27017] Discovered replica set primary kj1-shard-00-02.9vhtx.mongodb.net:27017
2021-05-29 22:10:49,148 INFO o.s.s.w.DefaultSecurityFilterChain [main] Will secure any request with [org.springframework.security.web.context.request.async.WebAsyncManagerIntegrationFilter@45d7495e, org.springframework.security.web.context.SecurityContextPersistenceFilter@2aa6bbad, org.springframework.security.web.header.HeaderWriterFilter@5f409872, org.springframework.security.web.authentication.logout.LogoutFilter@3386c206, org.springframework.security.web.authentication.www.BasicAuthenticationFilter@a826ff8, org.springframework.security.web.savedrequest.RequestCacheAwareFilter@6f867b0c, org.springframework.security.web.servletapi.SecurityContextHolderAwareRequestFilter@d16209e, org.springframework.security.web.authentication.AnonymousAuthenticationFilter@30517a57, org.springframework.security.web.session.SessionManagementFilter@3356ff58, org.springframework.security.web.access.ExceptionTranslationFilter@46ab4efc, org.springframework.security.web.access.intercept.FilterSecurityInterceptor@3303e89e]
2021-05-29 22:10:49,209 INFO o.s.s.c.ThreadPoolTaskExecutor [main] Initializing ExecutorService 'applicationTaskExecutor'
2021-05-29 22:10:49,330 INFO o.s.b.a.w.s.WelcomePageHandlerMapping [main] Adding welcome page: class path resource [static/index.html]
2021-05-29 22:10:49,938 INFO o.a.c.h.Http11NioProtocol [main] Starting ProtocolHandler ["http-nio-1010"]
2021-05-29 22:10:49,962 INFO o.s.b.w.e.t.TomcatWebServer [main] Tomcat started on port(s): 1010 (http) with context path ''
2021-05-29 22:10:49,973 INFO e.b.c.CourseApplication [main] Started CourseApplication in 5.054 seconds (JVM running for 6.755)
2021-05-29 22:11:41,612 INFO o.a.c.c.C.[.[.[/] [http-nio-1010-exec-1] Initializing Spring DispatcherServlet 'dispatcherServlet'
2021-05-29 22:11:41,612 INFO o.s.w.s.DispatcherServlet [http-nio-1010-exec-1] Initializing Servlet 'dispatcherServlet'
2021-05-29 22:11:41,613 INFO o.s.w.s.DispatcherServlet [http-nio-1010-exec-1] Completed initialization in 1 ms
2021-05-29 22:11:44,869 INFO e.b.c.c.u.AuthorUIController [http-nio-1010-exec-2]  Get all Authors (UI) request has been called. 
2021-05-29 22:11:45,224 INFO o.m.d.connection [http-nio-1010-exec-2] Opened connection [connectionId{localValue:7, serverValue:384566}] to kj1-shard-00-02.9vhtx.mongodb.net:27017
2021-05-29 22:11:48,710 INFO e.b.c.c.u.ShiftUIController [http-nio-1010-exec-5]  Get all Shifts (UI) request has been called. 
2021-05-29 22:11:52,483 INFO e.b.c.c.u.ShiftUIController [http-nio-1010-exec-7]  Create Shift Form (UI) has been called. 
2021-05-29 22:11:54,077 INFO e.b.c.c.u.ShiftUIController [http-nio-1010-exec-6]  Get all Shifts (UI) request has been called. 
2021-05-29 22:11:56,483 INFO e.b.c.c.u.PublisherUIController [http-nio-1010-exec-10]  Get all Publishers (UI) request has been called. 
2021-05-29 22:12:21,079 INFO o.s.a.AbstractOpenApiResource [http-nio-1010-exec-9] Init duration for springdoc-openapi is: 1601 ms
2021-05-29 22:13:29,272 INFO e.b.c.c.r.GenreController [http-nio-1010-exec-3]  Get Genre by id (API) with id 2 request has been called. 
2021-05-29 22:13:44,050 INFO e.b.c.c.r.GenreController [http-nio-1010-exec-5]  Get all Genres (API) request has been called. 
2021-05-29 22:14:19,780 INFO e.b.c.c.u.GenreUIController [http-nio-1010-exec-8]  Get all Genres (UI) request has been called. 
2021-05-29 22:14:38,759 WARN o.s.w.s.m.s.DefaultHandlerExceptionResolver [http-nio-1010-exec-6] Resolved [org.springframework.http.converter.HttpMessageNotReadableException: JSON parse error: Unexpected character ('}' (code 125)): was expecting double-quote to start field name; nested exception is com.fasterxml.jackson.core.JsonParseException: Unexpected character ('}' (code 125)): was expecting double-quote to start field name
 at [Source: (PushbackInputStream); line: 4, column: 2]]
2021-05-29 22:14:45,553 INFO e.b.c.c.u.GenreUIController [http-nio-1010-exec-10]  Get all Genres (UI) request has been called. 
2021-05-29 22:14:50,718 WARN o.s.w.s.m.s.DefaultHandlerExceptionResolver [http-nio-1010-exec-9] Resolved [org.springframework.http.converter.HttpMessageNotReadableException: JSON parse error: Unexpected character ('}' (code 125)): was expecting double-quote to start field name; nested exception is com.fasterxml.jackson.core.JsonParseException: Unexpected character ('}' (code 125)): was expecting double-quote to start field name
 at [Source: (PushbackInputStream); line: 4, column: 2]]
2021-05-29 22:14:53,088 INFO e.b.c.c.u.GenreUIController [http-nio-1010-exec-1]  Get all Genres (UI) request has been called. 
2021-05-29 22:15:19,854 INFO e.b.c.c.r.GenreController [http-nio-1010-exec-2]  Create new Genre (API) request has been called. 
2021-05-29 22:15:19,861 INFO e.b.c.s.g.GenreServiceImpl [http-nio-1010-exec-2]  Create new Genre (Service) request has been called. 
2021-05-29 22:15:19,865 INFO e.b.c.d.g.GenreDAOImpl [http-nio-1010-exec-2]  Create new Genre (DAO) request has been called. 
2021-05-29 22:15:26,682 INFO e.b.c.c.u.GenreUIController [http-nio-1010-exec-4]  Get all Genres (UI) request has been called. 
2021-05-29 22:15:30,400 INFO e.b.c.c.u.GenreUIController [http-nio-1010-exec-3]  Update Genre Form (UI) has been called. 
2021-05-29 22:15:32,305 INFO e.b.c.c.u.GenreUIController [http-nio-1010-exec-5]  Get all Genres (UI) request has been called. 
2021-05-29 22:15:33,275 INFO e.b.c.c.u.GenreUIController [http-nio-1010-exec-7]  Delete Genre (UI) by id with id 7 request has been called. 
2021-05-29 22:15:33,348 INFO e.b.c.c.u.GenreUIController [http-nio-1010-exec-8]  Get all Genres (UI) request has been called. 
2021-05-29 22:15:39,890 INFO e.b.c.c.u.AuthorUIController [http-nio-1010-exec-10]  Get all Authors (UI) request has been called. 
2021-05-29 22:15:41,735 INFO e.b.c.c.u.AuthorUIController [http-nio-1010-exec-9]  Get all Authors (UI) request has been called. 
2021-05-29 22:15:43,274 INFO e.b.c.c.u.GenreUIController [http-nio-1010-exec-2]  Get all Genres (UI) request has been called. 
2021-05-29 22:15:46,251 INFO e.b.c.c.u.BookUIController [http-nio-1010-exec-3]  Get all Books (UI) request has been called. 
2021-05-29 22:15:48,282 INFO e.b.c.c.r.GenreController [http-nio-1010-exec-5]  Count and sort all genres based on Books (API) query has been executed. 
2021-05-29 22:15:48,345 INFO e.b.c.s.g.GenreServiceImpl [http-nio-1010-exec-5]  Count and sort all genres based on Books (Service) query has been executed. 
2021-05-29 22:16:17,332 INFO e.b.c.c.r.AuthorController [http-nio-1010-exec-8]  Get all Authors (API) request has been called. 
2021-05-29 22:16:23,984 INFO e.b.c.c.r.AuthorController [http-nio-1010-exec-6]  Get Author by id (API) with id 2 request has been called. 
2021-05-29 22:16:28,917 INFO e.b.c.c.r.AuthorController [http-nio-1010-exec-10]  Get Author by id (API) with id 3 request has been called. 
